This is pdfTeX, Version 3.141592653-2.6-1.40.24 (TeX Live 2022) (preloaded format=pdflatex 2022.8.11)  12 AUG 2022 11:13
entering extended mode
 restricted \write18 enabled.
 %&-line parsing enabled.
**CA_Benzene_Plumes.tex
(./CA_Benzene_Plumes.tex
LaTeX2e <2022-06-01> patch level 5
L3 programming layer <2022-08-05> (./agujournal2018.cls
Document Class: agujournal2018 08/23/2018
(c:/Users/AMURRA02/AppData/Roaming/TinyTeX/texmf-dist/tex/latex/graphics/graphicx.sty
Package: graphicx 2021/09/16 v1.2d Enhanced LaTeX Graphics (DPC,SPQR)
(c:/Users/AMURRA02/AppData/Roaming/TinyTeX/texmf-dist/tex/latex/graphics/keyval.sty
Package: keyval 2022/05/29 v1.15 key=value parser (DPC)
\KV@toks@=\toks16
) (c:/Users/AMURRA02/AppData/Roaming/TinyTeX/texmf-dist/tex/latex/graphics/graphics.sty
Package: graphics 2022/03/10 v1.4e Standard LaTeX Graphics (DPC,SPQR)
(c:/Users/AMURRA02/AppData/Roaming/TinyTeX/texmf-dist/tex/latex/graphics/trig.sty
Package: trig 2021/08/11 v1.11 sin cos tan (DPC)
) (c:/Users/AMURRA02/AppData/Roaming/TinyTeX/texmf-dist/tex/latex/graphics-cfg/graphics.cfg
File: graphics.cfg 2016/06/04 v1.11 sample graphics configuration
)
Package graphics Info: Driver file: pdftex.def on input line 107.
(c:/Users/AMURRA02/AppData/Roaming/TinyTeX/texmf-dist/tex/latex/graphics-def/pdftex.def
File: pdftex.def 2020/10/05 v1.2a Graphics/color driver for pdftex
))
\Gin@req@height=\dimen138
\Gin@req@width=\dimen139
) (c:/Users/AMURRA02/AppData/Roaming/TinyTeX/texmf-dist/tex/latex/xcolor/xcolor.sty
Package: xcolor 2022/06/12 v2.14 LaTeX color extensions (UK)
(c:/Users/AMURRA02/AppData/Roaming/TinyTeX/texmf-dist/tex/latex/graphics-cfg/color.cfg
File: color.cfg 2016/01/02 v1.6 sample color configuration
)
Package xcolor Info: Driver file: pdftex.def on input line 227.
(c:/Users/AMURRA02/AppData/Roaming/TinyTeX/texmf-dist/tex/latex/graphics/mathcolor.ltx)
Package xcolor Info: Model `cmy' substituted by `cmy0' on input line 1353.
Package xcolor Info: Model `hsb' substituted by `rgb' on input line 1357.
Package xcolor Info: Model `RGB' extended on input line 1369.
Package xcolor Info: Model `HTML' substituted by `rgb' on input line 1371.
Package xcolor Info: Model `Hsb' substituted by `hsb' on input line 1372.
Package xcolor Info: Model `tHsb' substituted by `hsb' on input line 1373.
Package xcolor Info: Model `HSB' substituted by `hsb' on input line 1374.
Package xcolor Info: Model `Gray' substituted by `gray' on input line 1375.
Package xcolor Info: Model `wave' substituted by `hsb' on input line 1376.
) (c:/Users/AMURRA02/AppData/Roaming/TinyTeX/texmf-dist/tex/latex/url/url.sty
\Urlmuskip=\muskip16
Package: url 2013/09/16  ver 3.4  Verb mode for urls, etc.
) (./trackchanges.sty
Package: trackchanges 2009/04/22 v0.7.0 TrackChanges file 
(c:/Users/AMURRA02/AppData/Roaming/TinyTeX/texmf-dist/tex/latex/base/ifthen.sty
Package: ifthen 2022/04/13 v1.1d Standard LaTeX ifthen package (DPC)
) (c:/Users/AMURRA02/AppData/Roaming/TinyTeX/texmf-dist/tex/latex/tools/calc.sty
Package: calc 2017/05/25 v4.3 Infix arithmetic (KKT,FJ)
\calc@Acount=\count185
\calc@Bcount=\count186
\calc@Adimen=\dimen140
\calc@Bdimen=\dimen141
\calc@Askip=\skip47
\calc@Bskip=\skip48
LaTeX Info: Redefining \setlength on input line 80.
LaTeX Info: Redefining \addtolength on input line 81.
\calc@Ccount=\count187
\calc@Cskip=\skip49
) (c:/Users/AMURRA02/AppData/Roaming/TinyTeX/texmf-dist/tex/generic/soul/soul.sty
Package: soul 2003/11/17 v2.4 letterspacing/underlining (mf)
\SOUL@word=\toks17
\SOUL@lasttoken=\toks18
\SOUL@cmds=\toks19
\SOUL@buffer=\toks20
\SOUL@token=\toks21
\SOUL@spaceskip=\skip50
\SOUL@ttwidth=\dimen142
\SOUL@uldp=\dimen143
\SOUL@ulht=\dimen144
) (c:/Users/AMURRA02/AppData/Roaming/TinyTeX/texmf-dist/tex/latex/morefloats/morefloats.sty
Package: morefloats 2015/07/22 v1.0h Raise limit of unprocessed floats (HMM)
(c:/Users/AMURRA02/AppData/Roaming/TinyTeX/texmf-dist/tex/latex/kvoptions/kvoptions.sty
Package: kvoptions 2022-06-15 v3.15 Key value format for package options (HO)
(c:/Users/AMURRA02/AppData/Roaming/TinyTeX/texmf-dist/tex/generic/ltxcmds/ltxcmds.sty
Package: ltxcmds 2020-05-10 v1.25 LaTeX kernel commands for general use (HO)
) (c:/Users/AMURRA02/AppData/Roaming/TinyTeX/texmf-dist/tex/generic/kvsetkeys/kvsetkeys.sty
Package: kvsetkeys 2019/12/15 v1.18 Key value parser (HO)
))
Package morefloats Info: Maximum number of possible floats asked for: 36
(morefloats)             (i.e. 18 more floats).
(morefloats)             LaTeX might run out of memory before this
(morefloats)             (in which case it will notify you).
)
\c@userid=\count188
\c@changenumber=\count189
\c@storefootnote=\count190
\c@numeditors=\count191
\c@maxeditors=\count192
) (c:/Users/AMURRA02/AppData/Roaming/TinyTeX/texmf-dist/tex/latex/lineno/lineno.sty
Package: lineno 2005/11/02 line numbers on paragraphs v4.41
\linenopenalty=\count193
\output=\toks22
\linenoprevgraf=\count194
\linenumbersep=\dimen145
\linenumberwidth=\dimen146
\c@linenumber=\count195
\c@pagewiselinenumber=\count196
\c@LN@truepage=\count197
\c@internallinenumber=\count198
\c@internallinenumbers=\count199
\quotelinenumbersep=\dimen147
\bframerule=\dimen148
\bframesep=\dimen149
\bframebox=\box51
LaTeX Info: Redefining \\ on input line 3056.
) (c:/Users/AMURRA02/AppData/Roaming/TinyTeX/texmf-dist/tex/latex/tools/indentfirst.sty
Package: indentfirst 1995/11/23 v1.03 Indent first paragraph (DPC)
) (c:/Users/AMURRA02/AppData/Roaming/TinyTeX/texmf-dist/tex/latex/ragged2e/ragged2e.sty
Package: ragged2e 2021/12/15 v3.1 ragged2e Package
\CenteringLeftskip=\skip51
\RaggedLeftLeftskip=\skip52
\RaggedRightLeftskip=\skip53
\CenteringRightskip=\skip54
\RaggedLeftRightskip=\skip55
\RaggedRightRightskip=\skip56
\CenteringParfillskip=\skip57
\RaggedLeftParfillskip=\skip58
\RaggedRightParfillskip=\skip59
\JustifyingParfillskip=\skip60
\CenteringParindent=\skip61
\RaggedLeftParindent=\skip62
\RaggedRightParindent=\skip63
\JustifyingParindent=\skip64
) (c:/Users/AMURRA02/AppData/Roaming/TinyTeX/texmf-dist/tex/latex/graphics/rotating.sty
Package: rotating 2016/08/11 v2.16d rotated objects in LaTeX
\c@r@tfl@t=\count266
\rotFPtop=\skip65
\rotFPbot=\skip66
\rot@float@box=\box52
\rot@mess@toks=\toks23
) (c:/Users/AMURRA02/AppData/Roaming/TinyTeX/texmf-dist/tex/generic/ulem/ulem.sty
\UL@box=\box53
\UL@hyphenbox=\box54
\UL@skip=\skip67
\UL@hook=\toks24
\UL@height=\dimen150
\UL@pe=\count267
\UL@pixel=\dimen151
\ULC@box=\box55
Package: ulem 2019/11/18
\ULdepth=\dimen152
)
\draftskip=\count268
\c@section=\count269
\c@subsection=\count270
\c@subsubsection=\count271
\c@paragraph=\count272
\c@subparagraph=\count273
\c@figure=\count274
\c@table=\count275
\abovecaptionskip=\skip68
\belowcaptionskip=\skip69
\c@appendnum=\count276
\bibindent=\dimen153
(c:/Users/AMURRA02/AppData/Roaming/TinyTeX/texmf-dist/tex/latex/apacite/apacite.sty
Package: apacite 2013/07/21 v6.03 APA citation
\c@BibCnt=\count277
\bibleftmargin=\skip70
\bibindent=\skip71
\bibparsep=\skip72
\bibitemsep=\skip73
\biblabelsep=\skip74
) (c:/Users/AMURRA02/AppData/Roaming/TinyTeX/texmf-dist/tex/latex/natbib/natbib.sty
Package: natbib 2010/09/13 8.31b (PWD, AO)
\bibhang=\skip75
\bibsep=\skip76
LaTeX Info: Redefining \cite on input line 694.
\c@NAT@ctr=\count278
)
LaTeX Info: Redefining \BBA on input line 1149.
) (c:/Users/AMURRA02/AppData/Roaming/TinyTeX/texmf-dist/tex/generic/soulutf8/soulutf8.sty
Package: soulutf8 2019/12/15 v1.2 Permit use of UTF-8 characters in soul (HO)
(c:/Users/AMURRA02/AppData/Roaming/TinyTeX/texmf-dist/tex/generic/infwarerr/infwarerr.sty
Package: infwarerr 2019/12/03 v1.5 Providing info/warning/error messages (HO)
) (c:/Users/AMURRA02/AppData/Roaming/TinyTeX/texmf-dist/tex/generic/etexcmds/etexcmds.sty
Package: etexcmds 2019/12/15 v1.7 Avoid name clashes with e-TeX commands (HO)
(c:/Users/AMURRA02/AppData/Roaming/TinyTeX/texmf-dist/tex/generic/iftex/iftex.sty
Package: iftex 2022/02/03 v1.0f TeX engine tests
))) (c:/Users/AMURRA02/AppData/Roaming/TinyTeX/texmf-dist/tex/latex/float/float.sty
Package: float 2001/11/08 v1.3d Float enhancements (AL)
\c@float@type=\count279
\float@exts=\toks25
\float@box=\box56
\@float@everytoks=\toks26
\@floatcapt=\box57
) (c:/Users/AMURRA02/AppData/Roaming/TinyTeX/texmf-dist/tex/latex/booktabs/booktabs.sty
Package: booktabs 2020/01/12 v1.61803398 Publication quality tables
\heavyrulewidth=\dimen154
\lightrulewidth=\dimen155
\cmidrulewidth=\dimen156
\belowrulesep=\dimen157
\belowbottomsep=\dimen158
\aboverulesep=\dimen159
\abovetopsep=\dimen160
\cmidrulesep=\dimen161
\cmidrulekern=\dimen162
\defaultaddspace=\dimen163
\@cmidla=\count280
\@cmidlb=\count281
\@aboverulesep=\dimen164
\@belowrulesep=\dimen165
\@thisruleclass=\count282
\@lastruleclass=\count283
\@thisrulewidth=\dimen166
) (c:/Users/AMURRA02/AppData/Roaming/TinyTeX/texmf-dist/tex/latex/tools/longtable.sty
Package: longtable 2021-09-01 v4.17 Multi-page Table package (DPC)
\LTleft=\skip77
\LTright=\skip78
\LTpre=\skip79
\LTpost=\skip80
\LTchunksize=\count284
\LTcapwidth=\dimen167
\LT@head=\box58
\LT@firsthead=\box59
\LT@foot=\box60
\LT@lastfoot=\box61
\LT@gbox=\box62
\LT@cols=\count285
\LT@rows=\count286
\c@LT@tables=\count287
\c@LT@chunks=\count288
\LT@p@ftn=\toks27
) (c:/Users/AMURRA02/AppData/Roaming/TinyTeX/texmf-dist/tex/latex/tools/array.sty
Package: array 2022/03/10 v2.5f Tabular extension package (FMi)
\col@sep=\dimen168
\ar@mcellbox=\box63
\extrarowheight=\dimen169
\NC@list=\toks28
\extratabsurround=\skip81
\backup@length=\skip82
\ar@cellbox=\box64
) (c:/Users/AMURRA02/AppData/Roaming/TinyTeX/texmf-dist/tex/latex/multirow/multirow.sty
Package: multirow 2021/03/15 v2.8 Span multiple rows of a table
\multirow@colwidth=\skip83
\multirow@cntb=\count289
\multirow@dima=\skip84
\bigstrutjot=\dimen170
) (c:/Users/AMURRA02/AppData/Roaming/TinyTeX/texmf-dist/tex/latex/wrapfig/wrapfig.sty
\wrapoverhang=\dimen171
\WF@size=\dimen172
\c@WF@wrappedlines=\count290
\WF@box=\box65
\WF@everypar=\toks29
Package: wrapfig 2003/01/31  v 3.6
) (c:/Users/AMURRA02/AppData/Roaming/TinyTeX/texmf-dist/tex/latex/colortbl/colortbl.sty
Package: colortbl 2022/06/20 v1.0f Color table columns (DPC)
\everycr=\toks30
\minrowclearance=\skip85
\rownum=\count291
) (c:/Users/AMURRA02/AppData/Roaming/TinyTeX/texmf-dist/tex/latex/pdflscape/pdflscape.sty
Package: pdflscape 2019/12/05 v0.12 Display of landscape pages in PDF (HO)
(c:/Users/AMURRA02/AppData/Roaming/TinyTeX/texmf-dist/tex/latex/graphics/lscape.sty
Package: lscape 2020/05/28 v3.02 Landscape Pages (DPC)
)
Package pdflscape Info: Auto-detected driver: pdftex on input line 81.
) (c:/Users/AMURRA02/AppData/Roaming/TinyTeX/texmf-dist/tex/latex/tabu/tabu.sty
Package: tabu 2019/01/11 v2.9 - flexible LaTeX tabulars (FC+tabu-fixed)
(c:/Users/AMURRA02/AppData/Roaming/TinyTeX/texmf-dist/tex/latex/varwidth/varwidth.sty
Package: varwidth 2009/03/30 ver 0.92;  Variable-width minipages
\@vwid@box=\box66
\sift@deathcycles=\count292
\@vwid@loff=\dimen173
\@vwid@roff=\dimen174
)
\c@taburow=\count293
\tabu@nbcols=\count294
\tabu@cnt=\count295
\tabu@Xcol=\count296
\tabu@alloc=\count297
\tabu@nested=\count298
\tabu@target=\dimen175
\tabu@spreadtarget=\dimen176
\tabu@naturalX=\dimen177
\tabucolX=\dimen178
\tabu@Xsum=\dimen179
\extrarowdepth=\dimen180
\abovetabulinesep=\dimen181
\belowtabulinesep=\dimen182
\tabustrutrule=\dimen183
\tabu@thebody=\toks31
\tabu@footnotes=\toks32
\tabu@box=\box67
\tabu@arstrutbox=\box68
\tabu@hleads=\box69
\tabu@vleads=\box70
\tabu@cellskip=\skip86
) (c:/Users/AMURRA02/AppData/Roaming/TinyTeX/texmf-dist/tex/latex/threeparttable/threeparttable.sty
Package: threeparttable 2003/06/13  v 3.0
\@tempboxb=\box71
) (c:/Users/AMURRA02/AppData/Roaming/TinyTeX/texmf-dist/tex/latex/threeparttablex/threeparttablex.sty
Package: threeparttablex 2013/07/23 v0.3 by daleif
(c:/Users/AMURRA02/AppData/Roaming/TinyTeX/texmf-dist/tex/latex/environ/environ.sty
Package: environ 2014/05/04 v0.3 A new way to define environments
(c:/Users/AMURRA02/AppData/Roaming/TinyTeX/texmf-dist/tex/latex/trimspaces/trimspaces.sty
Package: trimspaces 2009/09/17 v1.1 Trim spaces around a token list
)
\@envbody=\toks33
)
\TPTL@width=\skip87
) (c:/Users/AMURRA02/AppData/Roaming/TinyTeX/texmf-dist/tex/latex/makecell/makecell.sty
Package: makecell 2009/08/03 V0.1e Managing of Tab Column Heads and Cells
\rotheadsize=\dimen184
\c@nlinenum=\count299
\TeXr@lab=\toks34
) (c:/Users/AMURRA02/AppData/Roaming/TinyTeX/texmf-dist/tex/latex/l3backend/l3backend-pdftex.def
File: l3backend-pdftex.def 2022-08-05 L3 backend support: PDF output (pdfTeX)
\l__color_backend_stack_int=\count300
\l__pdf_internal_box=\box72
) (./CA_Benzene_Plumes.aux)
\openout1 = `CA_Benzene_Plumes.aux'.

LaTeX Font Info:    Checking defaults for OML/cmm/m/it on input line 90.
LaTeX Font Info:    ... okay on input line 90.
LaTeX Font Info:    Checking defaults for OMS/cmsy/m/n on input line 90.
LaTeX Font Info:    ... okay on input line 90.
LaTeX Font Info:    Checking defaults for OT1/cmr/m/n on input line 90.
LaTeX Font Info:    ... okay on input line 90.
LaTeX Font Info:    Checking defaults for T1/cmr/m/n on input line 90.
LaTeX Font Info:    ... okay on input line 90.
LaTeX Font Info:    Checking defaults for TS1/cmr/m/n on input line 90.
LaTeX Font Info:    ... okay on input line 90.
LaTeX Font Info:    Checking defaults for OMX/cmex/m/n on input line 90.
LaTeX Font Info:    ... okay on input line 90.
LaTeX Font Info:    Checking defaults for U/cmr/m/n on input line 90.
LaTeX Font Info:    ... okay on input line 90.
(c:/Users/AMURRA02/AppData/Roaming/TinyTeX/texmf-dist/tex/latex/epstopdf-pkg/epstopdf-base.sty
Package: epstopdf-base 2020-01-24 v2.11 Base part for package epstopdf
Package epstopdf-base Info: Redefining graphics rule for `.eps' on input line 485.
(c:/Users/AMURRA02/AppData/Roaming/TinyTeX/texmf-dist/tex/latex/latexconfig/epstopdf-sys.cfg
File: epstopdf-sys.cfg 2010/07/13 v1.3 Configuration of (r)epstopdf for TeX Live
))

Package trackchanges Warning: TrackChanges is not compatable with the 
(trackchanges)                'ulem' package.
(trackchanges)                Use the 'soul' package instead.

\c@maskedRefs=\count301
(c:/Users/AMURRA02/AppData/Roaming/TinyTeX/texmf-dist/tex/latex/apacite/english.apc
File: english.apc 2013/07/21 v6.03 apacite language file
LaTeX Info: Redefining \BPBI on input line 129.
LaTeX Info: Redefining \BHBI on input line 130.
)
LaTeX Font Info:    External font `cmex10' loaded for size
(Font)              <7> on input line 133.
LaTeX Font Info:    External font `cmex10' loaded for size
(Font)              <5> on input line 133.
LaTeX Font Info:    External font `cmex10' loaded for size
(Font)              <8> on input line 141.
LaTeX Font Info:    External font `cmex10' loaded for size
(Font)              <6> on input line 141.
[1{c:/Users/AMURRA02/AppData/Roaming/TinyTeX/texmf-var/fonts/map/pdftex/updmap/pdftex.map}]
Overfull \hbox (13.73802pt too wide) in paragraph at lines 190--207
\OT1/cmr/m/n/10 Underground stor-age tanks are tanks buried un-der-ground for the pur-pose of stor-ing and 
 []


Overfull \hbox (10.73796pt too wide) in paragraph at lines 190--207
\OT1/cmr/m/n/10 dis-pens-ing a wide range of haz-ardous prod-ucts, pri-mar-ily fuel prod-ucts such as gaso-line 
 []


Overfull \hbox (5.98795pt too wide) in paragraph at lines 190--207
\OT1/cmr/m/n/10 and diesel. In the United States there are cur-rently 540,000 open (in op-er-a-tion) tanks. 
 []


Overfull \hbox (2.40456pt too wide) in paragraph at lines 190--207
\OT1/cmr/m/n/10 Since 2000, there have been more than 118,000 re-ported re-leases. When fuel prod-ucts 
 []


Overfull \hbox (8.48792pt too wide) in paragraph at lines 190--207
\OT1/cmr/m/n/10 re-lease into the ground or onto the sur-face they can con-tam-i-nate lo-cal soil and ground- 
 []


Overfull \hbox (2.18228pt too wide) in paragraph at lines 190--207
\OT1/cmr/m/n/10 wa-ter re-sources, as well as pol-lute the air by means of va-por in-tru-sion. Petroleum hy- 
 []


Overfull \hbox (1.84906pt too wide) in paragraph at lines 190--207
\OT1/cmr/m/n/10 dro-car-bons, which are known car-cino-gens, pose a threat to hu-man and en-vi-ron-men-tal 
 []


Overfull \hbox (9.57129pt too wide) in paragraph at lines 190--207
\OT1/cmr/m/n/10 health. They can per-sist in the en-vi-ron-ment for decades, and can con-tam-i-nate drink-ing 
 []


Overfull \hbox (7.18225pt too wide) in paragraph at lines 190--207
\OT1/cmr/m/n/10 wa-ter to un-safe lev-els which are less than the hu-man thresh-old for smell or taste. Ben- 
 []


Overfull \hbox (4.68237pt too wide) in paragraph at lines 190--207
\OT1/cmr/m/n/10 zene is a car-cino-genic petroleum hy-dro-car-bon found in fuel prod-ucts and sev-eral stud- 
 []


Overfull \hbox (5.04347pt too wide) in paragraph at lines 190--207
\OT1/cmr/m/n/10 ies have been con-ducted on it's po-ten-tial for mo-bi-liza-tion in the en-vi-ron-ment, how-ever 
 []


Overfull \hbox (17.46014pt too wide) in paragraph at lines 190--207
\OT1/cmr/m/n/10 these stud-ies gen-er-ally con-tain a lim-ited num-ber of sites within a lim-ited ge-o-graphic area 
 []


LaTeX Font Warning: Font shape `OT1/cmr/m/n' in size <10.5> not available
(Font)              size <10.95> substituted on input line 208.


LaTeX Font Warning: Font shape `OT1/cmr/bx/n' in size <10.5> not available
(Font)              size <10.95> substituted on input line 208.


Overfull \hbox (20.18233pt too wide) in paragraph at lines 210--240
[]\OT1/cmr/m/n/10 Benzene, a car-cino-genic com-po-nent of petroleum prod-ucts such as gaso-line is known 
 []


Overfull \hbox (5.29347pt too wide) in paragraph at lines 210--240
\OT1/cmr/m/n/10 to be re-leased into the en-vi-ron-ment as the re-sult of leak-ing un-der-ground stor-age tanks 
 []


Overfull \hbox (9.71022pt too wide) in paragraph at lines 210--240
\OT1/cmr/m/n/10 (LUST). There are cur-rently about 540,000 ac-tive petroleum un-der-ground stor-age tank 
 []


Overfull \hbox (18.9324pt too wide) in paragraph at lines 210--240
\OT1/cmr/m/n/10 (UST) sys-tems and a back-log of 62,000 LUST sites in the United States (US EPA, 2021). 
 []


Overfull \hbox (11.09897pt too wide) in paragraph at lines 210--240
\OT1/cmr/m/n/10 The def-i-ni-tion of a LUST or a re-lease can vary de-pend-ing on which state or fed-eral reg- 
 []


Overfull \hbox (25.87685pt too wide) in paragraph at lines 210--240
\OT1/cmr/m/n/10 u-la-tions you con-sider. The fed-eral gov-ern-ment con-sid-ers re-portable quan-ti-ties of petroleum 
 []


Overfull \hbox (7.3213pt too wide) in paragraph at lines 210--240
\OT1/cmr/m/n/10 prod-ucts to be any-thing over 25 gal-lons, or a spill that can-not be cleaned up within 24 
 []


Overfull \hbox (10.71017pt too wide) in paragraph at lines 210--240
\OT1/cmr/m/n/10 hours (Na-tional Archives, 2022). Na-tion-ally, for about ev-ery 7 ac-tive USTs, one will re- 
 []


Overfull \hbox (11.79344pt too wide) in paragraph at lines 210--240
\OT1/cmr/m/n/10 port a re-lease in it's life-time (US EPA, 2021). Many stud-ies have been done on ben-zene 
 []


Overfull \hbox (17.96033pt too wide) in paragraph at lines 210--240
\OT1/cmr/m/n/10 plume length and at-ten-u-a-tion (e.g., Con-nor, Ka-math, Walker, & McHugh, 2015; Ka-math 
 []


Overfull \hbox (17.93246pt too wide) in paragraph at lines 210--240
\OT1/cmr/m/n/10 et al.[], 2012; Shih, Rong, Har-mon, & Suf-fet, 2004). How-ever, much is still un-known about 
 []


Overfull \hbox (0.57126pt too wide) in paragraph at lines 210--240
\OT1/cmr/m/n/10 the be-hav-ior and ex-tent of ben-zene plumes. For ex-am-ple, while most pa-pers fo-cus on 
 []


Overfull \hbox (0.96011pt too wide) in paragraph at lines 210--240
\OT1/cmr/m/n/10 dis-tance (one-dimensional), fewer char-ac-ter-ize to-tal im-pacted area (two-dimensional), 
 []


Overfull \hbox (6.29352pt too wide) in paragraph at lines 210--240
\OT1/cmr/m/n/10 and those that do, typ-i-cally fo-cus on only a small num-ber of con-tam-i-nated sites. A re- 
 []


Overfull \hbox (19.40453pt too wide) in paragraph at lines 210--240
\OT1/cmr/m/n/10 view pa-per on stud-ies of ben-zene plume length showed that re-search in this area in-cluded 
 []


Overfull \hbox (24.40462pt too wide) in paragraph at lines 210--240
\OT1/cmr/m/n/10 be-tween 22 to 289 LUST sites per study (Con-nor et al.[], 2015). McHugh, Kulka-rni, Newell, 
 []


Overfull \hbox (10.16844pt too wide) in paragraph at lines 210--240
\OT1/cmr/m/n/10 Con-nor, and Garg (2014) in-cluded over 4,000 LUST sites, how-ever this was not fo-cused 
 []


Overfull \hbox (3.87674pt too wide) in paragraph at lines 210--240
\OT1/cmr/m/n/10 on dis-tance or area but rather trends in con-cen-tra-tion over time. A key rea-son for the 
 []


Overfull \hbox (14.23793pt too wide) in paragraph at lines 210--240
\OT1/cmr/m/n/10 lim-ited num-ber of sites in-cluded in these stud-ies is data avail-abil-ity. Al-though states are 
 []


Overfull \hbox (13.59897pt too wide) in paragraph at lines 210--240
\OT1/cmr/m/n/10 re-quired to test and char-ac-ter-ize sites con-tam-i-nated or sus-pected to be con-tam-i-nated by 
 []


Overfull \hbox (2.40459pt too wide) in paragraph at lines 210--240
\OT1/cmr/m/n/10 LUSTs, very lim-ited amounts of these data are made pub-lic. In prior stud-ies, au-thors 
 []


Overfull \hbox (3.73793pt too wide) in paragraph at lines 210--240
\OT1/cmr/m/n/10 ac-cu-mu-lated lim-ited amounts of field data from mul-ti-ple agen-cies and sources. An ex- 
 []


Overfull \hbox (5.86296pt too wide) in paragraph at lines 210--240
\OT1/cmr/m/n/10 cep-tion to this lim-ited data avail-abil-ity is Cal-i-for-nia's Geo-tracker database, the largest 
 []


Overfull \hbox (10.01573pt too wide) in paragraph at lines 210--240
\OT1/cmr/m/n/10 pub-licly avail-able database of its kind, which in-cludes field data for LUST cleanup sites 
 []


Underfull \vbox (badness 10000) has occurred while \output is active []

[2]
Overfull \hbox (13.1824pt too wide) in paragraph at lines 241--264
[]\OT1/cmr/m/n/10 An ex-ten-sive body of work ex-ists re-lat-ing to ground-wa-ter trans-port of com-po-nents 
 []


Overfull \hbox (21.43237pt too wide) in paragraph at lines 241--264
\OT1/cmr/m/n/10 of gaso-line prod-ucts. Many com-pounds be-sides ben-zene have been stud-ied such as Methyl 
 []


Overfull \hbox (28.84914pt too wide) in paragraph at lines 241--264
\OT1/cmr/m/n/10 tert-butyl ether (MTBE) and tert-Butyl al-co-hol (TBA). Many en-vi-ron-men-tal and chemical- 
 []


Overfull \hbox (10.43245pt too wide) in paragraph at lines 241--264
\OT1/cmr/m/n/10 specific fac-tors play into trans-porta-bil-ity of var-i-ous com-pounds through the soil such as 
 []


Overfull \hbox (17.93245pt too wide) in paragraph at lines 241--264
\OT1/cmr/m/n/10 soil per-me-abil-ity, wa-ter ta-ble, sol-u-bil-ity, sorp-tion, and re-tar-da-tion to name a few. MTBE 
 []


Overfull \hbox (4.07124pt too wide) in paragraph at lines 241--264
\OT1/cmr/m/n/10 and TBA for ex-am-ple, like ben-zene and BTEX in gen-eral are light non aque-ous phase 
 []


Overfull \hbox (11.46016pt too wide) in paragraph at lines 241--264
\OT1/cmr/m/n/10 liq-uids, mean-ing that they gen-er-ally float on top of the wa-ter ta-ble, whereas other com- 
 []


Overfull \hbox (14.84904pt too wide) in paragraph at lines 241--264
\OT1/cmr/m/n/10 pounds such as chlo-ri-nated aliphatic hy-dro-car-bons (CAHs) are dense non-aqueous phase 
 []


Overfull \hbox (4.29349pt too wide) in paragraph at lines 241--264
\OT1/cmr/m/n/10 liq-uids which sink into the wa-ter ta-ble (Stupp, 2007). MTBE has a sol-u-bil-ity in wa-ter 
 []


Overfull \hbox (27.627pt too wide) in paragraph at lines 241--264
\OT1/cmr/m/n/10 of 51,000 mg/L (Pub-Chem, 2022a), TBA has a sol-u-bil-ity in wa-ter of 1,000,000 mg/L (Pub- 
 []


Overfull \hbox (12.34903pt too wide) in paragraph at lines 241--264
\OT1/cmr/m/n/10 Chem, 2022d), Tetra-chloroethy-lene (PCE), a CAH, which is gen-er-ally used in in-dus-trial 
 []


Overfull \hbox (9.51581pt too wide) in paragraph at lines 241--264
\OT1/cmr/m/n/10 and dry-cleaning ap-pli-ca-tions has a sol-u-bil-ity in wa-ter of 206 mg/L (Pub-Chem, 2022c). 
 []


Overfull \hbox (20.23799pt too wide) in paragraph at lines 241--264
\OT1/cmr/m/n/10 Ben-zene has a sol-u-bil-ity in wa-ter of 17,900 mg/L (Pub-Chem, 2022b). Stud-ies have shown 
 []


Overfull \hbox (9.82127pt too wide) in paragraph at lines 241--264
\OT1/cmr/m/n/10 that MTBE and TBA, in gen-eral be-have much like ben-zene, but ex-hibit longer plumes. 
 []


Overfull \hbox (13.5434pt too wide) in paragraph at lines 241--264
\OT1/cmr/m/n/10 MTBE plumes stretch-ing 1,800 me-ters have been doc-u-mented, whereas CAHs have doc- 
 []


Overfull \hbox (5.90468pt too wide) in paragraph at lines 241--264
\OT1/cmr/m/n/10 u-mented plumes ex-tend-ing more than 8,000 me-ters (Stupp, 2007). The im-pli-ca-tions of 
 []


Overfull \hbox (4.21013pt too wide) in paragraph at lines 241--264
\OT1/cmr/m/n/10 these find-ings sug-gest that, at a min-i-mum, the fac-tors which drive ground-wa-ter trans- 
 []


Overfull \hbox (13.26581pt too wide) in paragraph at lines 241--264
\OT1/cmr/m/n/10 port of com-pounds re-lated to gaso-line and in-dus-trial use are highly com-plex and re-main 
 []


Overfull \hbox (9.46004pt too wide) in paragraph at lines 265--287
[]\OT1/cmr/m/n/10 There has yet to be a study done on ben-zene plume ar-eas that suf-fi-ciently con-sid- 
 []


Overfull \hbox (27.87682pt too wide) in paragraph at lines 265--287
\OT1/cmr/m/n/10 ers a large num-ber of field stud-ies, ge-o-graphic di-ver-sity of sites, and two-dimensional plume 
 []


Overfull \hbox (16.23787pt too wide) in paragraph at lines 265--287
\OT1/cmr/m/n/10 shape. Fur-ther, no study has been able to of-fer in-sight into how well plume ar-eas are be- 
 []


Overfull \hbox (0.37683pt too wide) in paragraph at lines 265--287
\OT1/cmr/m/n/10 ing cap-tured by mon-i-tor-ing wells, which could help to make fu-ture test-ing cam-paigns 
 []


Overfull \hbox (9.68227pt too wide) in paragraph at lines 265--287
\OT1/cmr/m/n/10 more ef-fi-cient and ac-cu-rate. In this pa-per, we con-sider the largest num-ber of field stud- 
 []


Overfull \hbox (18.71022pt too wide) in paragraph at lines 265--287
\OT1/cmr/m/n/10 ies to date in a two-dimensional study and use pub-licly avail-able data ob-tained from Cal- 
 []


Overfull \hbox (16.4185pt too wide) in paragraph at lines 265--287
\OT1/cmr/m/n/10 i-for-nia's Geo-Tracker database to com-pare our find-ings with those of Con-nor et al.[] (2015) 
 []


Overfull \hbox (5.46002pt too wide) in paragraph at lines 265--287
\OT1/cmr/m/n/10 to de-ter-mine how a larger and more di-verse sam-ple size sup-ports or dis-agrees with the 
 []


Overfull \hbox (8.54352pt too wide) in paragraph at lines 265--287
\OT1/cmr/m/n/10 find-ings of other stud-ies. We then spa-tially nor-mal-ize plumes by de-ter-min-ing the mean 
 []


Overfull \hbox (0.93236pt too wide) in paragraph at lines 265--287
\OT1/cmr/m/n/10 lin-ear di-rec-tion of ben-zene flow and ro-tate them so as to ar-ti-fi-cially over-lay them and 
 []


Overfull \hbox (5.96014pt too wide) in paragraph at lines 265--287
\OT1/cmr/m/n/10 de-ter-mine the two-dimensional ar-eas that are most com-monly im-pacted rel-a-tive to the 
 []


Overfull \hbox (2.71005pt too wide) in paragraph at lines 265--287
\OT1/cmr/m/n/10 LOP. Fi-nally, we char-ac-ter-ize two-dimensional ben-zene plume ar-eas to de-ter-mine how 
 []


Overfull \hbox (10.90462pt too wide) in paragraph at lines 265--287
\OT1/cmr/m/n/10 ef-fec-tive mon-i-tor-ing wells are at com-pletely cap-tur-ing ben-zene plumes in Cal-i-for-nia and 
 []


Overfull \hbox (22.12683pt too wide) in paragraph at lines 265--287
\OT1/cmr/m/n/10 dis-cuss the im-pli-ca-tions of our re-sults. We find that in the vast ma-jor-ity of LUST cleanup 
 []


Overfull \hbox (13.48787pt too wide) in paragraph at lines 265--287
\OT1/cmr/m/n/10 sites, it is likely that plume ar-eas are larger than pre-vi-ously thought. These es-sen-tial in- 
 []


Overfull \hbox (6.57127pt too wide) in paragraph at lines 265--287
\OT1/cmr/m/n/10 ves-ti-ga-tions will help to de-ter-mine if plumes are be-ing ef-fec-tively mea-sured and in-form 
 []


Underfull \vbox (badness 10000) has occurred while \output is active []

[3]
Overfull \hbox (0.48773pt too wide) in paragraph at lines 292--309
[]\OT1/cmr/m/n/10 The def-i-ni-tion of a re-lease varies from state to state, how-ever all states must re- 
 []


Overfull \hbox (19.73785pt too wide) in paragraph at lines 292--309
\OT1/cmr/m/n/10 port re-leases that meet or ex-ceed the cri-te-ria of the fed-eral re-port-ing re-quire-ments. Many 
 []


Overfull \hbox (29.01573pt too wide) in paragraph at lines 292--309
\OT1/cmr/m/n/10 re-leases do not meet this thresh-old but may still ap-pear in Cal-i-for-nia's geo-tracker database. 
 []


Overfull \hbox (23.04352pt too wide) in paragraph at lines 292--309
\OT1/cmr/m/n/10 Cal-i-for-nia de-fines a re-lease as ``any spilling, leak-ing, emit-ting, dis-charg-ing, es-cap-ing, leach- 
 []


Overfull \hbox (3.65462pt too wide) in paragraph at lines 292--309
\OT1/cmr/m/n/10 ing, or dis-pos-ing from an un-der-ground stor-age tank into or on the wa-ters of the state, 
 []


Overfull \hbox (11.90466pt too wide) in paragraph at lines 292--309
\OT1/cmr/m/n/10 the land, or the sub-sur-face soils'' (Cal-i-for-nia Leg-is-la-ture, 2003). In Cal-i-for-nia, op-er-a-tors 
 []


Overfull \hbox (23.3212pt too wide) in paragraph at lines 292--309
\OT1/cmr/m/n/10 are not re-quired to re-port a re-lease or spill if they are ``able to clean up within eight hours 
 []


Overfull \hbox (9.40446pt too wide) in paragraph at lines 292--309
\OT1/cmr/m/n/10 af-ter the re-lease was de-tected or should rea-son-ably have been de-tected, and which does 
 []


Overfull \hbox (5.23785pt too wide) in paragraph at lines 292--309
\OT1/cmr/m/n/10 not es-cape from the sec-ondary con-tain-ment, does not in-crease the haz-ard of fire or ex- 
 []


Overfull \hbox (3.48795pt too wide) in paragraph at lines 292--309
\OT1/cmr/m/n/10 plo-sion, and does not cause any de-te-ri-o-ra-tion of the sec-ondary con-tain-ment of the un- 
 []


Overfull \hbox (8.82127pt too wide) in paragraph at lines 292--309
\OT1/cmr/m/n/10 der-ground stor-age tank.'' How-ever the op-er-a-tor must record the in-ci-dent in mon-i-tor-ing 
 []


Overfull \hbox (20.2657pt too wide) in paragraph at lines 292--309
\OT1/cmr/m/n/10 re-ports (Cal-i-for-nia Leg-is-la-ture, 1984). If these thresh-olds are ex-ceeded, the op-er-a-tor must 
 []


Overfull \hbox (30.64072pt too wide) in paragraph at lines 312--337
[]\OT1/cmr/m/n/10 The data ob-tained from Geo-Tracker con-tains ground-wa-ter sam-ples from 42,045 unique 
 []


Overfull \hbox (2.5434pt too wide) in paragraph at lines 312--337
\OT1/cmr/m/n/10 LUST sites, how-ever the ma-jor-ity of these sites do not have mul-ti-ple ge-olo-cated mon- 
 []


Overfull \hbox (5.23788pt too wide) in paragraph at lines 312--337
\OT1/cmr/m/n/10 i-tor-ing wells with ground-wa-ter sam-ples in ex-cess of the fe-dral MCL (5 ug/L). All data 
 []


Overfull \hbox (31.66855pt too wide) in paragraph at lines 312--337
\OT1/cmr/m/n/10 was down-loaded from the Geo-tracker pub-lic data por-tal (CA Wa-ter Board, 2022) by county, 
 []


Overfull \hbox (15.40453pt too wide) in paragraph at lines 312--337
\OT1/cmr/m/n/10 no spe-cific way of de-ter-min-ing ori-gin point of a re-lease. This is com-mon as most re-leases 
 []


Overfull \hbox (3.3212pt too wide) in paragraph at lines 312--337
\OT1/cmr/m/n/10 are dis-cov-ered as a re-sult of tank re-moval and it is of-ten un-clear from ex-actly where a 
 []


Overfull \hbox (15.82126pt too wide) in paragraph at lines 312--337
\OT1/cmr/m/n/10 re-lease oc-curred. While the geo-tracker database does pro-vide xy lo-ca-tions for both `UST 
 []


Overfull \hbox (6.43239pt too wide) in paragraph at lines 312--337
\OT1/cmr/m/n/10 / UST pit' and `for-mer UST' lo-ca-tions, these data only ex-ist at less than 200 of LUST 
 []


Overfull \hbox (9.01561pt too wide) in paragraph at lines 312--337
\OT1/cmr/m/n/10 cleanup sites. There-fore, we de-fine the leak ori-gin point (LOP) as the point where ben- 
 []


Overfull \hbox (10.51555pt too wide) in paragraph at lines 312--337
\OT1/cmr/m/n/10 zene con-cen-tra-tion was the high-est at a given site. If there were mul-ti-ple mea-sure-ments 
 []


Overfull \hbox (3.01567pt too wide) in paragraph at lines 312--337
\OT1/cmr/m/n/10 of the max-i-mum con-cen-tra-tion at dif-fer-ent points, the ear-li-est mea-sure-ment was used. 
 []


Overfull \hbox (4.26563pt too wide) in paragraph at lines 312--337
\OT1/cmr/m/n/10 As in Con-nor et al.[] (2015), the plume is de-fined as the dis-tance be-tween the LOP and 
 []


Overfull \hbox (9.54346pt too wide) in paragraph at lines 312--337
\OT1/cmr/m/n/10 the far-thest mon-i-tor-ing well which had a sam-ple above two sep-a-rate thresh-olds, 5 ug/L 
 []


Overfull \hbox (7.59898pt too wide) in paragraph at lines 312--337
\OT1/cmr/m/n/10 and 10 ug/L to match with meth-ods used by pre-vi-ous stud-ies. To be clear, the cur-rent 
 []


Overfull \hbox (5.62679pt too wide) in paragraph at lines 312--337
\OT1/cmr/m/n/10 fed-eral MCL for ben-zene is 5 ug/L. We only use the 10 ug/L thresh-old for com-par-i-son 
 []


Overfull \hbox (1.26556pt too wide) in paragraph at lines 312--337
\OT1/cmr/m/n/10 of ben-zene dis-tance. To de-lin-eate two-dimensional ar-eas of plumes, we use the EPA 5 
 []


Overfull \hbox (13.8351pt too wide) in paragraph at lines 312--337
\OT1/cmr/m/n/10 ug/L MCL. Ge-olo-ca-tions of wells were pro-jected to the Cal-i-for-nia Al-bers pro-jec-tion and 
 []


Overfull \hbox (14.7379pt too wide) in paragraph at lines 312--337
\OT1/cmr/m/n/10 mea-sured in me-ters us-ing the sf pack-age (Pebesma, 2018). All anal-y-sis in this pa-per was 
 []


Overfull \hbox (23.12682pt too wide) in paragraph at lines 312--337
\OT1/cmr/m/n/10 done with R sta-tis-ti-cal soft-ware (R Core Team, 2021) and RStu-dio (RStu-dio Team, 2020).  
 []


Underfull \vbox (badness 10000) has occurred while \output is active []

[4]
Overfull \hbox (10.26555pt too wide) in paragraph at lines 340--356
[]\OT1/cmr/m/n/10 Benzene plumes have been shown to spread over time and can per-sist for decades. 
 []


Overfull \hbox (4.37675pt too wide) in paragraph at lines 340--356
\OT1/cmr/m/n/10 Ad-di-tion-ally, ben-zene plumes can dis-con-nect over time and it is pos-si-ble to have sep-a- 
 []


Overfull \hbox (6.7935pt too wide) in paragraph at lines 340--356
\OT1/cmr/m/n/10 ra-tion into two plumes (Mol-son, Barker, Frind, & Schirmer, 2002), which could lead to 
 []


Overfull \hbox (6.62677pt too wide) in paragraph at lines 340--356
\OT1/cmr/m/n/10 un-de-tected plumes be-yond test-ing bound-aries, es-pe-cially if the leak was de-tected years 
 []


Overfull \hbox (15.68234pt too wide) in paragraph at lines 340--356
\OT1/cmr/m/n/10 af-ter a re-lease be-gan. We eval-u-ate plume ex-tents com-pared with mon-i-tor-ing well ex-tents 
 []


Overfull \hbox (11.0157pt too wide) in paragraph at lines 340--356
\OT1/cmr/m/n/10 to de-ter-mine if plumes are com-pletely cap-tured by mon-i-tor-ing wells or if con-cen-tra-tions 
 []


Overfull \hbox (3.5075pt too wide) in paragraph at lines 340--356
\OT1/cmr/m/n/10 cre-ate con-vex hulls (Pebesma, 2018) of the mon-i-tor-ing wells which mea-sured $\OMS/cmsy/m/n/10 ^^U \OT1/cmr/m/n/10 5\OML/cmm/m/it/10 ug=L$ 
 []


Overfull \hbox (20.73785pt too wide) in paragraph at lines 340--356
\OT1/cmr/m/n/10 for ev-ery site and also con-vex hulls for mon-i-tor-ing wells for ev-ery site. If a site has a sam- 
 []


Overfull \hbox (2.26567pt too wide) in paragraph at lines 340--356
\OT1/cmr/m/n/10 ple that ex-ceeds the fed-eral MCL of 5 ug/L that is spa-tially co-in-ci-dent with the max- 
 []


Overfull \hbox (4.32129pt too wide) in paragraph at lines 340--356
\OT1/cmr/m/n/10 i-mum test-ing bound-ary, we con-sider this `bound-ary ex-ceedance'. If the test-ing bound- 
 []


Overfull \hbox (11.23793pt too wide) in paragraph at lines 340--356
\OT1/cmr/m/n/10 ary and the plume bound-ary do not in-ter-sect, and the plume is en-tirely within the test- 
 []

<CA_Benzene_Plumes_files/figure-latex/exceedsExample-1.pdf, id=27, 397.485pt x 180.675pt>
File: CA_Benzene_Plumes_files/figure-latex/exceedsExample-1.pdf Graphic file (type pdf)
<use CA_Benzene_Plumes_files/figure-latex/exceedsExample-1.pdf>
Package pdftex.def Info: CA_Benzene_Plumes_files/figure-latex/exceedsExample-1.pdf  used on input line 358.
(pdftex.def)             Requested size: 397.48402pt x 180.67455pt.

Underfull \hbox (badness 10000) in paragraph at lines 358--358
[]\OT1/cmr/bx/n/9 Figure  1. \OT1/cmr/m/n/9 Ex-am-ple of Plumes that are com-pletely cap-tured by mon-i-tor-ing wells (A) and
 []


LaTeX Warning: `!h' float specifier changed to `!ht'.


Underfull \vbox (badness 10000) has occurred while \output is active []

[5]
Overfull \hbox (6.32123pt too wide) in paragraph at lines 363--380
[]\OT1/cmr/m/n/10 We map the dis-tri-bu-tion of mon-i-tor-ing wells rel-a-tive to the mean lin-ear di-rec-tion 
 []


Overfull \hbox (24.68237pt too wide) in paragraph at lines 363--380
\OT1/cmr/m/n/10 of a ben-zene plume. To de-ter-mine the mean lin-ear di-rec-tion of ben-zene move-ment through 
 []


Overfull \hbox (9.71007pt too wide) in paragraph at lines 363--380
\OT1/cmr/m/n/10 the ground, we use weighted vec-tor ad-di-tion to de-ter-mine the mean an-gle of flow in de- 
 []


Overfull \hbox (7.71014pt too wide) in paragraph at lines 363--380
\OT1/cmr/m/n/10 grees from north. We then ar-ti-fi-cially ro-tate the plumes so that they are nor-mal-ized to 
 []


Overfull \hbox (8.9324pt too wide) in paragraph at lines 363--380
\OT1/cmr/m/n/10 one di-rec-tion (due north) and over-lay them to map out mon-i-tor-ing wells rel-a-tive to the 
 []


Overfull \hbox (10.68243pt too wide) in paragraph at lines 363--380
\OT1/cmr/m/n/10 leak point and di-rec-tion of flow and re-gard-less to ac-tual lo-ca-tion. Co-or-di-nate math was 
 []


Overfull \hbox (1.18231pt too wide) in paragraph at lines 363--380
\OT1/cmr/m/n/10 done us-ing the sf pack-age (Pebesma, 2018) and bear-ing di-rec-tions were cal-cu-lated us- 
 []


Overfull \hbox (8.79349pt too wide) in paragraph at lines 363--380
\OT1/cmr/m/n/10 ing the stplanr pack-age (Robin Lovelace & Richard El-li-son, 2018). Data clean-ing re-lied 
 []


Overfull \hbox (4.7379pt too wide) in paragraph at lines 363--380
\OT1/cmr/m/n/10 on the tidy-verse pack-age (Wick-ham et al.[], 2019). To weight mon-i-tor-ing wells, ben-zene 
 []


Overfull \hbox (15.15456pt too wide) in paragraph at lines 363--380
\OT1/cmr/m/n/10 con-cen-tra-tions were mul-ti-plied by the dis-tance in me-ters of the mon-i-tor-ing well from the 
 []


Overfull \hbox (9.54343pt too wide) in paragraph at lines 363--380
\OT1/cmr/m/n/10 LOP. Lines were then cre-ated us-ing ex-ist-ing bear-ings for each mon-i-tor-ing well from the 
 []


Overfull \hbox (10.87672pt too wide) in paragraph at lines 363--380
\OT1/cmr/m/n/10 LOP and lengths from weighted dis-tances. Lines were then re-drawn end to end and the 
 []


Overfull \hbox (6.73782pt too wide) in paragraph at lines 363--380
\OT1/cmr/m/n/10 mean lin-ear di-rec-tion was cal-cu-lated as the bear-ing be-tween the LOP and the end ver- 
 []

<CA_Benzene_Plumes_files/figure-latex/fig1-1.pdf, id=33, 469.755pt x 289.08pt>
File: CA_Benzene_Plumes_files/figure-latex/fig1-1.pdf Graphic file (type pdf)
<use CA_Benzene_Plumes_files/figure-latex/fig1-1.pdf>
Package pdftex.def Info: CA_Benzene_Plumes_files/figure-latex/fig1-1.pdf  used on input line 382.
(pdftex.def)             Requested size: 469.75386pt x 289.07928pt.

Overfull \hbox (72.26888pt too wide) in paragraph at lines 382--382
[][] 
 []


Underfull \hbox (badness 10000) in paragraph at lines 382--382
[]\OT1/cmr/bx/n/9 Figure  2. \OT1/cmr/m/n/9 Il-lus-tra-tion of mean di-rec-tion cal-cu-la-tion. Panel A shows ac-tual lo-ca-tions and con-
 []


Underfull \hbox (badness 10000) in paragraph at lines 382--382
\OT1/cmr/m/n/9 cen-tra-tions of ben-zene rel-a-tive to LOP. Panel B shows weighted vec-tor math re-sult with mean
 []


LaTeX Warning: `!h' float specifier changed to `!ht'.


Overfull \hbox (14.41829pt too wide) in paragraph at lines 385--393
[]\OT1/cmr/m/n/10 For area anal-y-ses, we in-cluded all ben-zene sam-ples in Geo-tracker which were taken 
 []


Overfull \hbox (16.46013pt too wide) in paragraph at lines 385--393
\OT1/cmr/m/n/10 at LUST cleanup sites and were an-a-lyzed as ei-ther ug/L or mg/L (91.3% of all sam-ples). 
 []


Overfull \hbox (7.93227pt too wide) in paragraph at lines 385--393
\OT1/cmr/m/n/10 Mea-sure-ments in mg/L were con-verted to ug/L. In to-tal, we in-cluded 3,495 sites which 
 []


Overfull \hbox (1.93233pt too wide) in paragraph at lines 385--393
\OT1/cmr/m/n/10 had at least 3 mon-i-tor-ing wells with ben-zene con-cen-tra-tions ex-ceed-ing 5 ug/L so that 
 []


Overfull \hbox (24.62682pt too wide) in paragraph at lines 385--393
\OT1/cmr/m/n/10 a two-dimensional space could be de-lin-eated. These sites con-tained 63,916 spa-tially unique 
 []


Overfull \hbox (4.79347pt too wide) in paragraph at lines 385--393
\OT1/cmr/m/n/10 mon-i-tor-ing wells, with 1,545,731 ben-zene sam-ples, 526,060 of which met or ex-ceeded 5 
 []


Underfull \vbox (badness 10000) has occurred while \output is active []

[6 <./CA_Benzene_Plumes_files/figure-latex/exceedsExample-1.pdf>]
Overfull \hbox (10.37668pt too wide) in paragraph at lines 396--405
[]\OT1/cmr/m/n/10 To de-ter-mine if there is a sta-tis-ti-cally sig-nif-i-cant dif-fer-ence in plume sizes de-pend- 
 []


Overfull \hbox (25.62679pt too wide) in paragraph at lines 396--405
\OT1/cmr/m/n/10 ing on whether a site ex-hib-ited bound-ary ex-ceedance or plume cap-ture we used the Wilcox 
 []


Overfull \hbox (29.98799pt too wide) in paragraph at lines 396--405
\OT1/cmr/m/n/10 test. If sites ex-hibit-ing plume cap-ture are sig-nif-i-cantly dif-fer-ent then sites ex-hibit-ing bound- 
 []


Overfull \hbox (10.07127pt too wide) in paragraph at lines 396--405
\OT1/cmr/m/n/10 ary ex-ceedance, it could in-di-cate that test-ing at sites that ex-hibit bound-ary ex-ceedance 
 []


Overfull \hbox (14.2657pt too wide) in paragraph at lines 396--405
\OT1/cmr/m/n/10 are not ef-fec-tively mon-i-tor-ing the plumes. Fi-nally, we show the mea-sured dis-tances from 
 []


Overfull \hbox (5.18237pt too wide) in paragraph at lines 396--405
\OT1/cmr/m/n/10 the LOP for all mon-i-tor-ing wells used in the two-dimensional anal-y-sis to con-tex-tu-al-ize 
 []


Underfull \vbox (badness 10000) has occurred while \output is active []

[7 <./CA_Benzene_Plumes_files/figure-latex/fig1-1.pdf>]
Overfull \hbox (2.40451pt too wide) in paragraph at lines 410--418
[]\OT1/cmr/m/n/10 Plume max-i-mum dis-tances were cal-cu-lated for 5,624 sites which had mea-sur-able 
 []


Overfull \hbox (10.92421pt too wide) in paragraph at lines 410--418
\OT1/cmr/m/n/10 dis-tances (at least 2 unique mon-i-tor-ing wells) with $\OMS/cmsy/m/n/10 ^^U \OT1/cmr/m/n/10 10\OML/cmm/m/it/10 ug=L$ \OT1/cmr/m/n/10 and 5,881 sites which had 
 []


Overfull \hbox (5.78531pt too wide) in paragraph at lines 410--418
\OT1/cmr/m/n/10 mea-sur-able dis-tances with $\OMS/cmsy/m/n/10 ^^U \OT1/cmr/m/n/10 5\OML/cmm/m/it/10 ug=L$ \OT1/cmr/m/n/10 (Fig-ure 3). The me-dian dis-tance for plumes de-lin- 
 []


Overfull \hbox (13.04344pt too wide) in paragraph at lines 410--418
\OT1/cmr/m/n/10 eated at 10 ug/L was 27.7249 me-ters. The 90th per-centile dis-tance of plumes de-lin-eated 
 []


Overfull \hbox (6.84898pt too wide) in paragraph at lines 410--418
\OT1/cmr/m/n/10 at 10 ug/L was 84.2 me-ters. The me-dian dis-tance for plumes de-lin-eated at 5 ug/L was 
 []


Overfull \hbox (7.4879pt too wide) in paragraph at lines 410--418
\OT1/cmr/m/n/10 29.42471 me-ters. The 90th per-centile dis-tance of plumes de-lin-eated at 5 ug/L was 87.4 
 []


Overfull \hbox (9.0712pt too wide) in paragraph at lines 419--422
[]\OT1/cmr/m/n/10 Figure 3 shows the max-i-mum dis-tance ben-zene that was mea-sured from the point 
 []


Overfull \hbox (16.09903pt too wide) in paragraph at lines 419--422
\OT1/cmr/m/n/10 of orig-i-na-tion. The 90th per-centile for ben-zene dis-tance is 595 feet for 5 ug/L which falls 
 []

<CA_Benzene_Plumes_files/figure-latex/maxDistPlots-1.pdf, id=54, 397.485pt x 361.35pt>
File: CA_Benzene_Plumes_files/figure-latex/maxDistPlots-1.pdf Graphic file (type pdf)
<use CA_Benzene_Plumes_files/figure-latex/maxDistPlots-1.pdf>
Package pdftex.def Info: CA_Benzene_Plumes_files/figure-latex/maxDistPlots-1.pdf  used on input line 424.
(pdftex.def)             Requested size: 397.48402pt x 361.34912pt.

Underfull \hbox (badness 10000) in paragraph at lines 424--424
[]\OT1/cmr/bx/n/9 Figure  3. \OT1/cmr/m/n/9 His-togram of max-i-mum mea-sured dis-tance of ben-zene plumes in me-ters us-ing
 []


Underfull \hbox (badness 10000) in paragraph at lines 424--424
\OT1/cmr/m/n/9 thresh-olds of 10 ug/L (A) and 5 ug/L (B). Max-i-mum dis-tances from pre-vi-ous stud-ies are over-
 []


LaTeX Warning: `!h' float specifier changed to `!ht'.


Overfull \hbox (20.9242pt too wide) in paragraph at lines 429--434
[]\OT1/cmr/m/n/10 We found 3,495 plumes with at least 3 points with ben-zene con-cen-tra-tions $\OMS/cmsy/m/n/10 ^^U \OT1/cmr/m/n/10 5\OML/cmm/m/it/10 ug=L$\OT1/cmr/m/n/10 . 
 []


Overfull \hbox (22.18236pt too wide) in paragraph at lines 429--434
\OT1/cmr/m/n/10 We cal-cu-lated mean lin-ear di-rec-tion of ben-zene flow and ro-tated each plume to due north. 
 []


Overfull \hbox (5.79355pt too wide) in paragraph at lines 429--434
\OT1/cmr/m/n/10 Each plume was over-laid by shift-ing the leak orig-i-na-tion point to the co-or-di-nates (0,0) 
 []

<CA_Benzene_Plumes_files/figure-latex/AllplumeAreas-1.pdf, id=55, 361.35pt x 325.215pt>
File: CA_Benzene_Plumes_files/figure-latex/AllplumeAreas-1.pdf Graphic file (type pdf)
<use CA_Benzene_Plumes_files/figure-latex/AllplumeAreas-1.pdf>
Package pdftex.def Info: CA_Benzene_Plumes_files/figure-latex/AllplumeAreas-1.pdf  used on input line 437.
(pdftex.def)             Requested size: 361.34912pt x 325.2142pt.

Underfull \hbox (badness 10000) in paragraph at lines 441--441
[]\OT1/cmr/bx/n/9 Figure  4. \OT1/cmr/m/n/9 Vi-su-al-iza-tion of all mon-i-tor-ing ar-eas and plume ar-eas su-per-im-posed on top of
 []


LaTeX Warning: `!h' float specifier changed to `!ht'.


Overfull \hbox (6.40459pt too wide) in paragraph at lines 446--459
[]\OT1/cmr/m/n/10 2,908 of 3,495 cleanup sites had an ex-ceedance of 5 ug/L at the test-ing bound-ary 
 []


Overfull \hbox (3.37689pt too wide) in paragraph at lines 446--459
\OT1/cmr/m/n/10 (83.20458). Fig-ure 4 il-lus-trates that when plumes are com-pletely cap-tured (spa-tially), 
 []


Overfull \hbox (4.26578pt too wide) in paragraph at lines 446--459
\OT1/cmr/m/n/10 they are gen-er-ally smaller than if plumes ex-tend to the bound-ary of a mon-i-tor-ing net- 
 []


Overfull \hbox (10.48778pt too wide) in paragraph at lines 446--459
\OT1/cmr/m/n/10 work. The re-sults of the Wilcox test (Ta-ble 1) show a sig-nif-i-cant dif-fer-ence be-tween the 
 []


Overfull \hbox (26.57114pt too wide) in paragraph at lines 446--459
\OT1/cmr/m/n/10 mea-sured plume ar-eas at sites where bound-ary ex-ceedance was ob-served and at sites where 
 []


Overfull \hbox (15.87672pt too wide) in paragraph at lines 446--459
\OT1/cmr/m/n/10 en-tire plume cap-ture was ob-served (fig-ure 5). Plume ar-eas are sta-tis-ti-cally larger at sites 
 []


Overfull \hbox (1.23793pt too wide) in paragraph at lines 446--459
\OT1/cmr/m/n/10 where plumes were en-tirely cap-tured, and the ma-jor-ity of plumes ex-hib-ited bound-ary 
 []


Overfull \hbox (4.04338pt too wide) in paragraph at lines 446--459
\OT1/cmr/m/n/10 ex-ceedance across their mon-i-tor-ing well ex-tents. The me-dian plume area where plume 
 []


Overfull \hbox (9.91841pt too wide) in paragraph at lines 446--459
\OT1/cmr/m/n/10 cap-ture was ob-served was 416 m$[]$. The me-dian plume area where bound-ary ex-ceedance 
 []


Overfull \hbox (6.2239pt too wide) in paragraph at lines 446--459
\OT1/cmr/m/n/10 was ob-served was 983 m$[]$, more than twice as much area as plumes that were spa-tially 
 []

<CA_Benzene_Plumes_files/figure-latex/plumeAreaCompare-1.pdf, id=56, 361.35pt x 180.675pt>
File: CA_Benzene_Plumes_files/figure-latex/plumeAreaCompare-1.pdf Graphic file (type pdf)
<use CA_Benzene_Plumes_files/figure-latex/plumeAreaCompare-1.pdf>
Package pdftex.def Info: CA_Benzene_Plumes_files/figure-latex/plumeAreaCompare-1.pdf  used on input line 461.
(pdftex.def)             Requested size: 361.34912pt x 180.67455pt.

Underfull \hbox (badness 10000) in paragraph at lines 461--461
[]\OT1/cmr/bx/n/9 Figure  5. \OT1/cmr/m/n/9 Vi-suliza-tion of plume ar-eas by whether they ex-hib-ited bound-ary cap-ture
 []


LaTeX Warning: `!h' float specifier changed to `!ht'.


Underfull \vbox (badness 10000) has occurred while \output is active []

[8]
Overfull \hbox (14.29338pt too wide) in paragraph at lines 478--484
[]\OT1/cmr/m/n/10 The dis-tances of all spa-tially unique mon-i-tor-ing wells were mea-sured from their re- 
 []


Overfull \hbox (16.01569pt too wide) in paragraph at lines 478--484
\OT1/cmr/m/n/10 spec-tive LOPs. Fig-ure 6 shows a his-togram as well as the 25th, 50th, 75th and 90th per- 
 []


Overfull \hbox (5.09906pt too wide) in paragraph at lines 478--484
\OT1/cmr/m/n/10 centiles of max-imuim ben-zene plume dis-tances. The me-dian dis-tance of all mon-i-tor-ing 
 []


Overfull \hbox (2.12674pt too wide) in paragraph at lines 478--484
\OT1/cmr/m/n/10 wells from the LOP was 30.03 me-ters. 90% of mon-i-tor-ing wells were within 87.78 me- 
 []

[9 <./CA_Benzene_Plumes_files/figure-latex/maxDistPlots-1.pdf>]

LaTeX Warning: Text page 10 contains only floats.

[10 <./CA_Benzene_Plumes_files/figure-latex/AllplumeAreas-1.pdf> <./CA_Benzene_Plumes_files/figure-latex/plumeAreaCompare-1.pdf>]
<CA_Benzene_Plumes_files/figure-latex/mwDistsPlot-1.pdf, id=89, 433.62pt x 180.675pt>
File: CA_Benzene_Plumes_files/figure-latex/mwDistsPlot-1.pdf Graphic file (type pdf)
<use CA_Benzene_Plumes_files/figure-latex/mwDistsPlot-1.pdf>
Package pdftex.def Info: CA_Benzene_Plumes_files/figure-latex/mwDistsPlot-1.pdf  used on input line 486.
(pdftex.def)             Requested size: 433.61894pt x 180.67455pt.

Overfull \hbox (36.13396pt too wide) in paragraph at lines 486--486
[][] 
 []


Underfull \hbox (badness 10000) in paragraph at lines 486--486
[]\OT1/cmr/bx/n/9 Figure  6. \OT1/cmr/m/n/9 His-togram of mon-i-tor-ing well dis-tances used in area anal-y-sis with the 25th, 50th,
 []


Overfull \hbox (17.23799pt too wide) in paragraph at lines 491--519
[]\OT1/cmr/m/n/10 While sta-tis-ti-cally, the max-i-mum dis-tance of 90% of plumes falls within the bounds 
 []


Overfull \hbox (2.71005pt too wide) in paragraph at lines 491--519
\OT1/cmr/m/n/10 of pre-vi-ous re-search, this is not nec-es-sar-ily the best way to con-sider po-ten-tial im-pacts 
 []


Overfull \hbox (7.68251pt too wide) in paragraph at lines 491--519
\OT1/cmr/m/n/10 of petroleum hy-dro-car-bons in the en-vi-ron-ment. Cal-i-for-nia for ex-am-ple has par-tic-u-larly 
 []


Overfull \hbox (19.2379pt too wide) in paragraph at lines 491--519
\OT1/cmr/m/n/10 strict re-port-ing re-quire-ments, mean-ing that even very small re-leases are doc-u-mented, and 
 []


Overfull \hbox (7.48796pt too wide) in paragraph at lines 491--519
\OT1/cmr/m/n/10 the sites un-dergo soil and ground-wa-ter test-ing, lead-ing to a dis-pro-por-tion-ate weight-ing 
 []


Overfull \hbox (11.62666pt too wide) in paragraph at lines 491--519
\OT1/cmr/m/n/10 of plumes to-wards smaller re-leases rel-a-tive to doc-u-mented re-leases in other states which 
 []


Overfull \hbox (4.6823pt too wide) in paragraph at lines 491--519
\OT1/cmr/m/n/10 have re-port-ing re-quire-ments more aligned with fed-eral reg-u-la-tions. How-ever, there are 
 []


Overfull \hbox (13.21011pt too wide) in paragraph at lines 491--519
\OT1/cmr/m/n/10 still many plumes of con-cern that reach be-yond the nineti-eth per-centile, in this case 589 
 []


Overfull \hbox (27.01567pt too wide) in paragraph at lines 491--519
\OT1/cmr/m/n/10 sites. Fur-ther, our re-search finds that the vast ma-jor-ity of plumes recorded are likely larger 
 []


Overfull \hbox (25.1547pt too wide) in paragraph at lines 491--519
\OT1/cmr/m/n/10 then pre-vi-ously thought, with max-i-mum dis-tances that are longer than have been re-ported 
 []


Overfull \hbox (13.6545pt too wide) in paragraph at lines 491--519
\OT1/cmr/m/n/10 in the data. While pre-vi-ous re-search has not stated whether or not plumes were en-tirely 
 []


Overfull \hbox (8.4324pt too wide) in paragraph at lines 491--519
\OT1/cmr/m/n/10 cap-tured by mon-i-tor-ing, it stands to rea-son that prior site in-ves-ti-ga-tions may have suf- 
 []


Overfull \hbox (19.93234pt too wide) in paragraph at lines 491--519
\OT1/cmr/m/n/10 fered from the same lim-i-ta-tions as are present in the geo-tracker data. Lim-i-ta-tions to test- 
 []


Overfull \hbox (22.76587pt too wide) in paragraph at lines 491--519
\OT1/cmr/m/n/10 ing of-ten in-clude both phys-i-cal im-ped-i-ments and prop-erty bound-aries. For ex-am-ple, many 
 []


Overfull \hbox (16.76575pt too wide) in paragraph at lines 491--519
\OT1/cmr/m/n/10 gas sta-tions are lo-cated in ur-ban-ized ar-eas, mean-ing that im-per-vi-ous, paved sur-faces and 
 []


Overfull \hbox (1.51564pt too wide) in paragraph at lines 491--519
\OT1/cmr/m/n/10 other struc-tures can limit the ar-eas where test-ing is pos-si-ble. Ad-di-tion-ally, there may 
 []


Overfull \hbox (10.87683pt too wide) in paragraph at lines 491--519
\OT1/cmr/m/n/10 be sev-eral other pri-vate prop-er-ties within a very small dis-tance, mak-ing get-ting per-mis- 
 []


Overfull \hbox (12.09889pt too wide) in paragraph at lines 491--519
\OT1/cmr/m/n/10 sion to test dif-fi-cult. Re-leases can en-ter the ground in many ways. The re-lease can orig- 
 []


Overfull \hbox (6.09912pt too wide) in paragraph at lines 491--519
\OT1/cmr/m/n/10 i-nate un-der-ground, di-rectly from a tank that has suf-fered cor-ro-sion, or from leaky pip- 
 []


Overfull \hbox (17.98795pt too wide) in paragraph at lines 491--519
\OT1/cmr/m/n/10 ing con-nec-tions, or it can orig-i-nate on the sur-face from a spill or over-fill and mi-grate into 
 []


Overfull \hbox (27.18237pt too wide) in paragraph at lines 491--519
\OT1/cmr/m/n/10 the ground di-rectly, or through over-land flow and via pref-er-en-tial path-ways such as cracked 
 []

[11 <./CA_Benzene_Plumes_files/figure-latex/mwDistsPlot-1.pdf>]
Overfull \hbox (17.40453pt too wide) in paragraph at lines 520--537
[]\OT1/cmr/m/n/10 Our find-ings sug-gest that plumes are larger than the data sug-gests. Plumes are sig- 
 []


Overfull \hbox (21.93239pt too wide) in paragraph at lines 520--537
\OT1/cmr/m/n/10 nif-i-cantly larger when they are not cap-tured by mon-i-tor-ing wells, sug-gest-ing that the sites 
 []


Overfull \hbox (3.21011pt too wide) in paragraph at lines 520--537
\OT1/cmr/m/n/10 which ex-hibit plume cap-ture may be do-ing so sim-ply be-cause they are smaller in tw0- 
 []


Overfull \hbox (3.18231pt too wide) in paragraph at lines 520--537
\OT1/cmr/m/n/10 dimensional area. Larger plumes are less likely to be com-pletely cap-tured be-cause the 
 []


Overfull \hbox (16.3768pt too wide) in paragraph at lines 520--537
\OT1/cmr/m/n/10 bur-den for do-ing so is higher. While the lim-i-ta-tions of test-ing in the real world are clear, 
 []


Overfull \hbox (13.6267pt too wide) in paragraph at lines 520--537
\OT1/cmr/m/n/10 and are not likely to be over-come in their en-tirety, this re-search clearly shows that there 
 []


Overfull \hbox (13.73795pt too wide) in paragraph at lines 520--537
\OT1/cmr/m/n/10 is still much that is un-known about how ben-zene plumes move through the en-vi-ron-ment 
 []


Overfull \hbox (0.68227pt too wide) in paragraph at lines 520--537
\OT1/cmr/m/n/10 and how much area they can im-pact in un-safe lev-els. There is a need for bet-ter mod- 
 []


Overfull \hbox (3.15456pt too wide) in paragraph at lines 520--537
\OT1/cmr/m/n/10 elling and un-der-stand-ing of these plumes. If we are able to more ef-fec-tively model the 
 []


Overfull \hbox (5.93233pt too wide) in paragraph at lines 520--537
\OT1/cmr/m/n/10 full ex-tent of ben-zene plumes, we may be able to aid in fu-ture site in-ves-ti-ga-tions with- 
 []


Overfull \hbox (2.21016pt too wide) in paragraph at lines 520--537
\OT1/cmr/m/n/10 out an ad-di-tional bur-den on agen-cies re-spon-si-ble for site test-ing and char-ac-ter-i-za-tion. 
 []


Overfull \hbox (14.32118pt too wide) in paragraph at lines 520--537
\OT1/cmr/m/n/10 While on-site sam-pling will al-ways be the most re-li-able way to char-ac-ter-ize a plume, ad- 
 []


Overfull \hbox (9.8769pt too wide) in paragraph at lines 520--537
\OT1/cmr/m/n/10 di-tional mod-elling and un-der-stand-ing may help fu-ture site in-ves-ti-ga-tions to be more ef- 
 []


Overfull \hbox (13.59892pt too wide) in paragraph at lines 540--549
\OT1/cmr/m/n/10 pressed in this pa-per are those of the au-thors and do not nec-es-sar-ily rep-re-sent the views 
 []


Overfull \hbox (15.87685pt too wide) in paragraph at lines 540--549
\OT1/cmr/m/n/10 or poli-cies of the U.S. En-vi-ron-men-tal Pro-tec-tion Agency. All anal-y-sis, statis-tics and spa- 
 []


Overfull \hbox (5.46008pt too wide) in paragraph at lines 540--549
\OT1/cmr/m/n/10 tial anal-y-ses were com-pleted us-ing R ver-sion 4.1.2. All Cal-i-for-nia LUST data were ob- 
 []


Overfull \hbox (214.94125pt too wide) in paragraph at lines 540--549
\OT1/cmr/m/n/10 tained from the Cal-i-for-nia Wa-ter Board's Geo-tracker pub-lic por-tal (https://geotracker.waterboards.ca.gov/data[]download[]by[]county). 
 []


Overfull \hbox (119.70209pt too wide) in paragraph at lines 540--549
\OT1/cmr/m/n/10 All code used in this re-search is pub-licly avail-able on GitHub (https://github.com/USEPA/ORD[]Plume[]Paper).  
 []

(./CA_Benzene_Plumes.bbl
Underfull \hbox (badness 10000) in paragraph at lines 14--29
[]\OT1/cmr/m/n/10 CA Wa-ter Board.  (2022).  \OT1/cmr/m/it/10 Geo-tracker: Down-load esi data.  \OT1/cmr/m/n/10 Re-trieved from 
 []


Underfull \vbox (badness 10000) has occurred while \output is active []

[12]
Underfull \hbox (badness 2237) in paragraph at lines 41--58
[]\OT1/cmr/m/n/10 California Leg-is-la-ture.  (1984).  \OT1/cmr/m/it/10 Health and safety code - hsc di-vi-sion 20. mis-cel-la- 
 []


Underfull \hbox (badness 10000) in paragraph at lines 41--58
\OT1/cmr/m/it/10 neous health and safety pro-vi-sions [24000 - 26250], chap-ter 6.7. un-der-ground 
 []


Underfull \hbox (badness 10000) in paragraph at lines 41--58
\OT1/cmr/m/it/10 stor-age of haz-ardous sub-stances 25294.  $\OT1/cmtt/m/n/10 https :// leginfo [] .legislature [] .ca [] 
 []


Underfull \hbox (badness 10000) in paragraph at lines 41--58
\OT1/cmtt/m/n/10 .gov / faces / codes [] []displayText [] .xhtml [] ?lawCode = HSC&division = 20 [] .&title = 
 []


Underfull \hbox (badness 2237) in paragraph at lines 70--87
[]\OT1/cmr/m/n/10 California Leg-is-la-ture.  (2003).  \OT1/cmr/m/it/10 Health and safety code - hsc di-vi-sion 20. mis-cel-la- 
 []


Underfull \hbox (badness 10000) in paragraph at lines 70--87
\OT1/cmr/m/it/10 neous health and safety pro-vi-sions [24000 - 26250], chap-ter 6.7. un-der-ground 
 []


Underfull \hbox (badness 1983) in paragraph at lines 70--87
\OT1/cmr/m/it/10 stor-age of haz-ardous sub-stances 25295.5.  $\OT1/cmtt/m/n/10 https :// leginfo [] .legislature [] .ca [] 
 []


Underfull \hbox (badness 10000) in paragraph at lines 70--87
\OT1/cmtt/m/n/10 .gov / faces / codes [] []displayText [] .xhtml [] ?lawCode = HSC&division = 20 [] .&title = 
 []


Underfull \hbox (badness 2237) in paragraph at lines 99--116
[]\OT1/cmr/m/n/10 California Leg-is-la-ture.  (2013).  \OT1/cmr/m/it/10 Health and safety code - hsc di-vi-sion 20. mis-cel-la- 
 []


Underfull \hbox (badness 10000) in paragraph at lines 99--116
\OT1/cmr/m/it/10 neous health and safety pro-vi-sions [24000 - 26250], chap-ter 6.7. un-der-ground 
 []


Underfull \hbox (badness 10000) in paragraph at lines 99--116
\OT1/cmr/m/it/10 stor-age of haz-ardous sub-stances 25295.  $\OT1/cmtt/m/n/10 https :// leginfo [] .legislature [] .ca [] 
 []


Underfull \hbox (badness 10000) in paragraph at lines 99--116
\OT1/cmtt/m/n/10 .gov / faces / codes [] []displayText [] .xhtml [] ?lawCode = HSC&division = 20 [] .&title = 
 []


Underfull \hbox (badness 2547) in paragraph at lines 131--152
[]\OT1/cmr/m/n/10 Connor, J. A., Ka-math, R., Walker, K. L., & McHugh, T. E.  (2015, 03).  Re-view 
 []


Underfull \hbox (badness 10000) in paragraph at lines 131--152
\OT1/cmr/m/n/10 of quan-ti-ta-tive sur-veys of the length and sta-bil-ity of mtbe , tba , and ben-zene 
 []


Underfull \hbox (badness 10000) in paragraph at lines 131--152
\OT1/cmr/m/n/10 from $\OT1/cmtt/m/n/10 https :// onlinelibrary [] .wiley [] .com / doi / 10 [] .1111 / gwat [] .12233$   \OT1/cmr/m/n/10 doi: 
 []


Underfull \hbox (badness 10000) in paragraph at lines 164--189
[]\OT1/cmr/m/n/10 Kamath, R., Con-nor, J. A., McHugh, T. E., Ne-mir, A., Le, M. P., & Ryan, 
 []


Underfull \hbox (badness 10000) in paragraph at lines 164--189
\OT1/cmr/m/n/10 A. J.  (2012, 04).  Use of long-term mon-i-tor-ing data to eval-u-ate ben- 
 []


Underfull \hbox (badness 10000) in paragraph at lines 164--189
\OT1/cmr/m/n/10 zene, mtbe, and tba plume be-hav-ior in ground-wa-ter at re-tail gaso-line sites. 
 []


Underfull \hbox (badness 10000) in paragraph at lines 164--189
\OT1/cmr/m/it/10 Jour-nal of En-vi-ron-men-tal En-gi-neer-ing\OT1/cmr/m/n/10 , \OT1/cmr/m/it/10 138\OT1/cmr/m/n/10 (4), 458--469.  Re-trieved from 
 []


Underfull \hbox (badness 10000) in paragraph at lines 164--189
\OT1/cmtt/m/n/10 http :// ascelibrary [] .org / doi / 10 [] .1061 / %28ASCE % 29EE [] .1943 [] -7870 [] .0000488$ 
 []


Underfull \hbox (badness 10000) in paragraph at lines 205--221
[]\OT1/cmr/m/n/10 McHugh, T. E., Kulka-rni, P. R., Newell, C. J., Con-nor, J. A., & Garg, S.  (2014). 
 []


Underfull \hbox (badness 10000) in paragraph at lines 205--221
\OT1/cmr/m/n/10 Progress in re-me-di-a-tion of ground-wa-ter at petroleum sites in cal-i-for-nia. 
 []


Underfull \hbox (badness 1810) in paragraph at lines 236--251
[]\OT1/cmr/m/n/10 Molson, J., Barker, J., Frind, E., & Schirmer, M.  (2002).  Mod-el-ing the im-pact of 
 []


Underfull \hbox (badness 10000) in paragraph at lines 236--251
\OT1/cmr/m/n/10 ethanol on the per-sis-tence of ben-zene in gasoline-contaminated ground-wa-ter. 
 []


Underfull \hbox (badness 10000) in paragraph at lines 263--280
[]\OT1/cmr/m/n/10 National Archives.  (2022).  \OT1/cmr/m/it/10 Code of fed-eral reg-u-la-tions, ti-tle 40 / chap-ter 1 / 
 []


Underfull \hbox (badness 10000) in paragraph at lines 263--280
\OT1/cmr/m/it/10 sub-chap-ter 1 / part 280 / sub-part e - re-lease re-port-ing, in-ves-ti-ga-tion, and 
 []


Underfull \hbox (badness 10000) in paragraph at lines 263--280
\OT1/cmr/m/it/10 con-fir-ma-tion.  $\OT1/cmtt/m/n/10 https :// www [] .ecfr [] .gov / current / title [] -40 / chapter [] -I / 
 []


Underfull \vbox (badness 10000) has occurred while \output is active []

[13]
Underfull \hbox (badness 10000) in paragraph at lines 320--335
[]\OT1/cmr/m/n/10 PubChem.  (2022a).  \OT1/cmr/m/it/10 Pub-chem com-pound sum-mary for cid 15413, methyl 
 []


Underfull \hbox (badness 10000) in paragraph at lines 320--335
\OT1/cmr/m/it/10 tert-butyl ether.  \OT1/cmr/m/n/10 Na-tional Cen-ter for Biotech-nol-ogy In-for-ma-tion.  Re- 
 []


Underfull \hbox (badness 10000) in paragraph at lines 320--335
\OT1/cmr/m/n/10 trieved 2022-08-11, from $\OT1/cmtt/m/n/10 https :// pubchem [] .ncbi [] .nlm [] .nih [] .gov / compound / 
 []


Underfull \hbox (badness 6542) in paragraph at lines 347--362
\OT1/cmr/m/n/10 Cen-ter for Biotech-nol-ogy In-for-ma-tion.  Re-trieved 2022-08-11, from $\OT1/cmtt/m/n/10 https :// 
 []


Underfull \hbox (badness 10000) in paragraph at lines 397--412
\OT1/cmr/m/n/10 tional Cen-ter for Biotech-nol-ogy In-for-ma-tion.  Re-trieved 2022-08-11, from 
 []


Underfull \hbox (badness 3942) in paragraph at lines 424--438
[]\OT1/cmr/m/n/10 R Core Team.  (2021).  R: A lan-guage and en-vi-ron-ment for sta-tis-ti-cal com-put-ing 
 []


Underfull \hbox (badness 1655) in paragraph at lines 478--492
\OT1/cmr/m/n/10 puter soft-ware man-ual].  Boston, MA.  Re-trieved from $\OT1/cmtt/m/n/10 http :// www [] .rstudio [] 
 []


Underfull \hbox (badness 6094) in paragraph at lines 507--522
[]\OT1/cmr/m/n/10 Shih, T., Rong, Y., Har-mon, T., & Suf-fet, M.  (2004).  Eval-u-a-tion of the im-pact 
 []


Underfull \hbox (badness 10000) in paragraph at lines 534--547
\OT1/cmr/m/it/10 ter: Com-par-i-son of ground-wa-ter trans-port and plume di-men-sions \OT1/cmr/m/n/10 (D. Bar-cel^^So, 
 []


Underfull \vbox (badness 10000) has occurred while \output is active []

[14]
Underfull \hbox (badness 10000) in paragraph at lines 585--604
[]\OT1/cmr/m/n/10 Wickham, H., Av-er-ick, M., Bryan, J., Chang, W., Mc-Gowan, L. D., Fran^^Xcois, R., 
 []


Underfull \hbox (badness 1668) in paragraph at lines 585--604
\OT1/cmr/m/n/10 ... Yu-tani, H.  (2019).  Wel-come to the tidy-verse.  \OT1/cmr/m/it/10 Jour-nal of Open Source 
 []

) [15] (./CA_Benzene_Plumes.aux)

LaTeX Font Warning: Size substitutions with differences
(Font)              up to 0.45pt have occurred.

 ) 
Here is how much of TeX's memory you used:
 5784 strings out of 479638
 98952 string characters out of 5876946
 406852 words of memory out of 5000000
 24202 multiletter control sequences out of 15000+600000
 474955 words of font info for 48 fonts, out of 8000000 for 9000
 20 hyphenation exceptions out of 8191
 83i,10n,90p,393b,386s stack positions out of 10000i,1000n,20000p,200000b,200000s
<c:/Users/AMURRA02/AppData/Roaming/TinyTeX/texmf-dist/fonts/type1/public/amsfonts/cm/cmbx10.pfb><c:/Users/AMURRA02/AppData/Roaming/TinyTeX/texmf-dist/fonts/type1/public/amsfonts/cm/cmbx12.pfb><c:/Users/AMURRA02/AppData/Roaming/TinyTeX/texmf-dist/fonts/type1/public/amsfonts/cm/cmbx9.pfb><c:/Users/AMURRA02/AppData/Roaming/TinyTeX/texmf-dist/fonts/type1/public/amsfonts/cm/cmmi10.pfb><c:/Users/AMURRA02/AppData/Roaming/TinyTeX/texmf-dist/fonts/type1/public/amsfonts/cm/cmmi7.pfb><c:/Users/AMURRA02/AppData/Roaming/TinyTeX/texmf-dist/fonts/type1/public/amsfonts/cm/cmr10.pfb><c:/Users/AMURRA02/AppData/Roaming/TinyTeX/texmf-dist/fonts/type1/public/amsfonts/cm/cmr6.pfb><c:/Users/AMURRA02/AppData/Roaming/TinyTeX/texmf-dist/fonts/type1/public/amsfonts/cm/cmr7.pfb><c:/Users/AMURRA02/AppData/Roaming/TinyTeX/texmf-dist/fonts/type1/public/amsfonts/cm/cmr8.pfb><c:/Users/AMURRA02/AppData/Roaming/TinyTeX/texmf-dist/fonts/type1/public/amsfonts/cm/cmr9.pfb><c:/Users/AMURRA02/AppData/Roaming/TinyTeX/texmf-dist/fonts/type1/public/amsfonts/cm/cmss8.pfb><c:/Users/AMURRA02/AppData/Roaming/TinyTeX/texmf-dist/fonts/type1/public/amsfonts/cm/cmsy10.pfb><c:/Users/AMURRA02/AppData/Roaming/TinyTeX/texmf-dist/fonts/type1/public/amsfonts/cm/cmsy5.pfb><c:/Users/AMURRA02/AppData/Roaming/TinyTeX/texmf-dist/fonts/type1/public/amsfonts/cm/cmti10.pfb><c:/Users/AMURRA02/AppData/Roaming/TinyTeX/texmf-dist/fonts/type1/public/amsfonts/cm/cmti9.pfb><c:/Users/AMURRA02/AppData/Roaming/TinyTeX/texmf-dist/fonts/type1/public/amsfonts/cm/cmtt10.pfb><c:/Users/AMURRA02/AppData/Roaming/TinyTeX/texmf-dist/fonts/type1/public/amsfonts/cm/cmtt9.pfb>
Output written on CA_Benzene_Plumes.pdf (15 pages, 590553 bytes).
PDF statistics:
 185 PDF objects out of 1000 (max. 8388607)
 120 compressed objects within 2 object streams
 0 named destinations out of 1000 (max. 500000)
 31 words of extra memory for PDF output out of 10000 (max. 10000000)

